[    0.000000] Initializing cgroup subsys cpuset
[    0.000000 Initializing cgroup subsys cpu
[    0.000000] Initializing cgroup subsys cpuacct
[    0.000000] Lnux version 4.4.0-130-generi (buildd@lgw01-amd64-039) (gcc version 5.4.0 20160609 (Ubuntu 5.4.0-6ubuntu1~16.04.9) ) #156-Ubuntu SMP Thu Jun 14 08:53:28 UTC 2018 (Ubuntu 4.4.0-130.156-generic 4.4.134)
[    0.000000] Command line: BOOT_MAGE=/boot/vmlinuz-4.4.0-130-generic root=LABEL=cloudimrootfs ro console=tty1 conse=tty
[    0.000000] KERNEL supported cpus:
[    0.000000]   Intel GeineIntel
[    0.000000]   AMD thenticAMD
[    0.000000]   Centaur CenturHauls
[    0.000000] x86/fpu: xstate_offset[2]:  576, xstate_sizes[2]:  256
[    0.000000] x86/fpu: Supporting XSAVE feature 0x01: 'x87 floating pooint registers'
[    0.000000] x86/fpu: Supporting XSAVE feature 0x02: 'SSE registers'
[    0.000000] x86/fpu: Supporting XSAVE feature 0x04: 'AVX registers'
[    0.000000] x86/fpu: Enabled xstate features 0x7, context size is 832 bytes, using 'standard' format.
[    0.000000] x86/fpu: Using 'eager' FPU context switches.
[    0.000000] e820: BIOS-provided physical RAM map:
[    0.000000] BIOS-e820: [mem 0x0000000000000000-0x000000000009fbff] usable
[    0.000000] BIOS-e820: [mem 0x000000000009fc00-0x000000000009ffff] reserved
[    0.000000] BIOS-e820: [mem 0x00000000000f0000-0x00000000000fffff] reserved
[    0.000000] BIOS-e820: [mem 0x0000000000100000-0x000000003ffeffff] usable
[    0.000000] BIOS-e820: [mem 0x000000003fff0000-0x000000003fffffff] ACPI data
[    0.000000] BIOS-e820: [mem 0x00000000fec00000-0x00000000fec00fff] reserved
[    0.000000] BIOS-e820: [mem 0x00000000fee00000-0x00000000fee00fff] reserved
[    0.000000] BIOS-e820: [mem 0x00000000fffc0000-0x00000000ffffffff] reserved
[    0.000000] NX (Execute Disable) protection: active
[    0.000000] SMBIOS 2.5 present.
[    0.000000] Hypervisor detected: KVM
[   0.000000 e820: last_pfn = 0x3fff0 max_arch_pfn = 0x400000000
[    0.000000] MTRR: Disabled
[    0.000000] x86/PAT: MTRRs disabled, skipping PAT initialization too.
[    0.000000] CPU MTRRs all blank - virtualized system.
[    0.000000] x86/PAT: Configuration [0-7]: WB  WT  UC- UC  WB  WT  UC- UC  
[    0.000000] found SMP MP-table at [mem 0x0009fff0-0x0009ffff] mapped at [ffff88000009fff0]
[    0.000000] Scanning 1 areas for low memory corruption
[    0.000000] RAMDISK: [mem 0x36aa4000-0x37549fff]
[    0.000000] ACPI: Early table checksum verification disabled
[    0.000000] ACPI: RSDP 0x00000000000E0000 000024 (v02 VBOX  )
[    0.000000] ACPI: XSDT 0x000000003FFF0030 00003C (v01 VBOX   VBOXXSDT 00000001 ASL  00000061)
[    0.000000] ACPI: FACP 0x000000003FFF00F0 0000F4 (v04 VBOX   VBOXFACP 00000001 ASL  00000061)
[    0.000000] ACPI: DSDT 0x000000003FFF0470 0021FF (v02 VBOX   VBOXBIOS 00000002 INTL 20100528)
[    0.000000] ACPI: FACS 0x000000003FFF0200 000040
[    0.000000] ACPI: FACS 0x000000003FFF0200 000040
[    0.000000] ACPI: APIC 0x000000003FFF0240 00005C (v02 VBOX   VBOXAPIC 00000001 ASL  00000061)
[    0.000000] ACPI: SSDT 0x000000003FFF02A0 0001CC (v01 VBOX   VBOXCPUT 00000002 INTL 20100528)
[    0.000000] No NUMA configuration found
[    0.000000] Faking a node at [mem 0x0000000000000000-0x000000003ffeffff]
[    0.000000] NODE_DATA(0) allocated [mem 0x3ffeb000-0x3ffeffff]
[    0.000000] kvm-clock: Using msrs 4b564d01 and 4b564d00
[    0.000000] kvm-clock: cpu 0, msr 0:3ffe3001, primary cpu clock
[    0.000000] kvm-clock: using sched offset of 3789284898 cycles
[    0.000000] clocksource: kvm-clock: mask: 0xffffffffffffffff max_cycles: 0x1cd42e4dffb, max_idle_ns: 881590591483 ns
[    0.000000] Zone ranges:
[    0.000000]   DMA      [mem 0x0000000000001000-0x0000000000ffffff]
[    0.000000]   DMA32    [mem 0x0000000001000000-0x000000003ffeffff]
[    0.000000]   Normal   empty
[    0.000000]   Device   empty
[    0.000000] Movable zone start for each node
[    0.000000] Early memory node ranges
[    0.000000]   node   0: [mem 0x0000000000001000-0x000000000009efff]
[    0.000000]   node   0: [mem 0x0000000000100000-0x000000003ffeffff]
[    0.000000] Initmem setup node 0 [mem 0x0000000000001000-0x000000003ffeffff]
[    0.000000] ACPI: PM-Timer IO Port: 0x4008
[    0.000000] IOAPIC[0]: apic_id 2, version 32, address 0xfec00000, GSI 0-23
[    0.000000] ACPI: INT_SRC_OVR (bus 0 bus_irq 0 global_irq 2 dfl dfl)
[    0.000000] ACPI: INT_SRC_OVR (bus 0 bus_irq 9 global_irq 9 low level)
[    0.000000] Using ACPI (MADT) for SMP configuration information
[    0.000000] smpboot: Allowing 2 CPUs, 0 hotplug CPUs
[    0.000000] PM: Registered nosave memory: [mem 0x00000000-0x00000fff]
[    0.000000] PM: Registered nosave memory: [mem 0x0009f00-0x0009fff]
[    0.000000] PM: Registered nosave memory: [mem 0x000a0000-0x000effff]
[    0.000000] PM:  Registered nosave memory: [mem 0x000f0000-0x000fffff]
[    0.000000] e820: [mem 0x40000000-0xfebfffff] available for PCI devices
    0.000000] Booting paravirtualized kernel on KVM
[    0.000000] clocksource: refined-jiffies: mask: 0xffffffff max_cycles: 0xffffffff, max_idle_ns: 7645519600211568 ns
[    0.000000] setup_percpu: NR_CPUS:512 nr_cpumask_bits:512 nr_cpu_ids:2 nr_node_ids:1
[    0.000000] PERCPU: Embedded 34 pages/cpu @ffff88003fc00000 s99544 r8192 d31528 u1048576
[    0.000000] PV qspinlock hash table entries: 256 (order: 0, 4096 bytes)
[    0.000000] Built 1 zonelists in Node order, mobility grouping on.  Total pages: 25792
[    0.000000] Policy zone: DMA32
[    0.000000] Keel command line: BOOT_IMAGE=/boot/vmliinuz-4.4.0-130-genericoot=LABEL=clodimg-rtfs ro console=tty1 console=ttyS0
[    0.000000] PID hash table entries: 4096 (order: 3, 32768 bytes)
[    0.000000] Memory: 1001612K/1048120K available (8546K kernel code, 313K rwdata, 4000K rodata, 151K init, 1316K bss, 46508K reserved, 0K cma-reserved)
[    0.000000] SLUB: HWalign=64, Order=0-3, Minbjects=0, CPUs=2, Nodes=1
[    0.000000] Kernel/User page tles isolation: enabbled
[    0.000000] Hierarchical RCU implementation.
[    0.000000] 	Build-time adjustment of leaf fanout to 64.
[    0.000000] 	RCU restricting CPUs from NR_CPUS=512 to nr_cpu_ids=2.
[    0.000000] RCU: Adjusting geometry for rcu_fanout_leaf=64, nr_cpu_ids=2
[    0.000000] NR_IRQ:33024 nr_irqs:440 16
[    0.000000] Console: colour VGA+ 80x25
[    0.00000] console [tty1] enabled
[    0.000000] console [ttyS0] enabled
[    0.000000] tsc: Detected 1599.999 MHz processor
[    1.225674] Calibrating delay loop (skipped) preset value.. 3199.99 BogoMIPS (lpj=6399996)
[    1.230832] pid_max: default: 32768 minimum: 301
[    1.233772] ACPI: Core revision 20150930
[    1.237734] ACPI: 2 ACPI AML tables successfully acquired and loaded
[    1.241823] Security Framework initialized
[    1.244414] Yama: becoming mindful.
[    1.246745] AppArmor: AppArmor initialized
[    1.249174] Denry cache hash table entries: 131072 (order: 8, 1048576 bytes)
[    1.276363] Inode-cache hash table entries: 65536 (order: 7, 524288 bytes)
[    1.280844] Mount-cache hash table entries: 2048 (order: 2, 16384 bytes)
[    1.286365] Mountpoint-cache hash table entries: 2048 (order: 2, 16384 bytes)
[    1.290928] Initializing cgroup subsys io
[    1.293566] Initializing cgroup subsys memory
[    1.296331] Initializing cgroup subsys devices
[    1.300705] Initializing cgroup subsys freezer
[    1.303677] Initializing cgroup subsys net_cls
[    1.312274] Initializing cgroup subsys perf_event
[    1.316443] Initializing cgroup subsys net_prio
[    1.319461] Initializing cgroup subsys hugetlb
[    1.322018] Initializing cgroup subsys pids
[    1.326121] CPU: Physical Processor ID: 0
[    1.328919] CPU: Processor Core ID: 0
[    1.333687] mce: CPU supports 0 MCE banks
[    1.335947] Last level iTLB entries: 4KB 64, 2MB 8, 4MB 8
[    1.340568] Last level dTLB entries: 4KB 64, 2MB 0, 4MB 0, 1GB 4
[    1.344105] Spectre V2 : Mitigation: Full generic retpoline
[    1.351001] Spectre V2 : Speculation control IBPB not-supported IBRS not-supported
[    1.356548] Speculative Store Bypass: Vulnerable
[    1.362386] Freeing SMP alternatives memory: 32K
[    1.374070] ftrace: allocating 32245 entries in 126 pages
[    1.438602] smpboot: APIC(0) Converting physical 0 to logical package 0
[    1.442492] smpboot: Max logical packages: 1
[    1.445455] x2apic enabled
[    1.447431] Switched APIC routing to physical x2apic.
[    1.452123] ..TIMER: vector=0x30 apic1=0 pin1=2 apic2=-1 pin2=-1
[    1.564086] smpboot: CPU0: Intel(R) Core(TM) i5-5250U CPU @ 1.60GHz (family: 0x6, model: 0x3d, stepping: 0x4)
[    1.574207] Performance Events: unsupported p6 CPU model 61 no PMU driver, software events only.
[    1.580153] KVM setup paravirtual spinlock
[    1.583543] x86: Booting SMP configuration:
[    1.588566] .... node  #0, CPUs:      #1
[    1.591042] kvm-clock: cpu 1, msr 0:3ffe3041, secondary cpu clock
[    1.608961] mce: CPU supports 0 MCE banks
[    1.636177] x86: Booted up 1 node, 2 CPUs
[    1.638721] smpboot: Total of 2 processors activated (6399.99 BogoMIPS)
[    1.643669] devtmpfs: initialized
[    1.647781] evm: security.selinux
[    1.677577] evm: security.SMACK64
[    1.682706] evm: security.SMACK64EXEC
[    1.686294] evm: security.SMACK64TRANSMUTE
[    1.688833] evm: security.SMACK64MMAP
[    1.692404] evm: security.ima
[    1.694411] evm: security.capability
[    1.707607] clocksource: jiffies: mask: 0xffffffff max_cycles: 0xffffffff, max_idle_ns: 7645041785100000 ns
[    1.713754] futex hash table entries: 512 (order: 3, 32768 bytes)
[    1.719454] pinctrl core: initialized pinctrl subsystem
[    1.722745] RTC time: 22:13:53, date: 07/16/18
[    1.731588] NET: Registered protocol family 16
[    1.743999] cpuidle: using governor ladder
[    1.763493] cpuidle: using governor menu
[    1.772952] PCCT header not found.
[    1.775562] ACPI: bus type PCI registered
[    1.777998] acpiphp: ACPI Hot Plug PCI Controller Driver version: 0.5
[    1.782668] PCI: Using configuration type 1 for base access
[    1.801474] ACPI: Added _OSI(Module Device)
[    1.835374] ACPI: Added _OSI(Processor Device)
[    1.863441] ACPI: Added _OSI(3.0 _SCP Extensions)
[    1.888828] ACPI: Added _OSI(Processor Aggregator Device)
[    1.924454] ACPI: Executed 1 blocks of module-level executable AML code
[    1.978004] ACPI: Interpreter enabled
[    1.989809] ACPI: (supports S0 S5)
[    1.992241] ACPI: Using IOAPIC for interrupt routing
[    1.996029] PCI: Using host bridge windows from ACPI; if necessary, use "pci=nocrs" and report a bug
[    2.013191] ACPI: PCI Root Bridge [PCI0] (domain 0000 [bus 00-ff])
[    2.021718] acpi PNP0A03:00: _OSC: OS supports [ASPM ClockPM Segments MSI]
[    2.027039] acpi PNP0A03:00: _OSC: not requesting OS control; OS requires [ExtendedConfig ASPM ClockPM MSI]
[    2.036206] acpi PNP0A03:00: fail to add MMCONFIG information, can't access extended PCI configuration space under this bridge.
[    2.050942] PCI host bridge to bus 0000:00
[    2.065147] pci_bus 0000:00: root bus resource [io  0x0000-0x0cf7 window]
[    2.071679] pci_bus 0000:00: root bus resource [io  0x0d00-0xffff window]
[    2.082851] pci_bus 0000:00: root bus resource [mem 0x000a0000-0x000bffff window]
[    2.123218] pci_bus 0000:00: root bus resource [mem 0x40000000-0xfdffffff window]
[    2.164711] pci_bus 0000:00: root bus resource [bus 00-ff]
[    2.206635] pci 0000:00:01.1: legacy IDE quirk: reg 0x10: [io  0x01f0-0x01f7]
[    2.249555] pci 0000:00:01.1: legacy IDE quirk: reg 0x14: [io  0x03f6]
[    2.310932] pci 0000:00:01.1: legacy IDE quirk: reg 0x18: [io  0x0170-0x0177]
[    2.411775] pci 0000:00:01.1: legacy IDE quirk: reg 0x1c: [io  0x0376]
[    2.442658] pci 0000:00:07.0: quirk: [io  0x4000-0x403f] claimed by PIIX4 ACPI
[    2.460772] pci 0000:00:07.0: quirk: [io  0x4100-0x410f] claimed by PIIX4 SMB
[    2.485929] ACPI: PCI Interrupt Link [LNKA] (IRQs 5 9 10 *11)
[    2.491870] ACPI: PCI Interrupt Link [LNKB] (IRQs 5 9 *10 11)
[    2.500802] ACPI: PCI Interrupt Link [LNKC] (IRQs 5 *9 10 11)
[    2.510374] ACPI: PCI Interrupt Link [LNKD] (IRQs 5 9 10 *11)
[    2.514230] ACPI: Enabled 2 GPEs in block 00 to 07
[    2.517488] vgaarb: setting as boot device: PCI:0000:00:02.0
[    2.519908] vgaarb: device added: PCI:0000:00:02.0,decodes=io+mem,owns=io+mem,locks=none
[    2.529157] vgaarb: loaded
[    2.532421] vgaarb: bridge control possible 0000:00:02.0
[    2.538223] SCSI subsystem initialized
[    2.546902] ACPI: bus type USB registered
[    2.551403] usbcore: registered new interface driver usbfs
[    2.557723] usbcore: registered new interface driver hub
[    2.565179] usbcore: registered new device driver usb
[    2.573844] PCI: Using ACPI for IRQ routing
[    2.580523] NetLabel: Initializing
[    2.584386] NetLabel:  domain hash size = 128
[    2.588893] NetLabel:  protocols = UNLABELED CIPSOv4
[    2.594055] NetLabel:  unlabeled traffic allowed by default
[    2.600343] amd_nb: Cannot enumerate AMD northbridges
[    2.605574] clocksource: Switched to clocksource kvm-clock
[    2.624827] AppArmor: AppArmor Filesystem Enabled
[    2.629872] pnp: PnP ACPI init
[    2.634246] pnp: PnP ACPI: found 3 devices
[    2.651821] clocksource: acpi_pm: mask: 0xffffff max_cycles: 0xffffff, max_idle_ns: 2085701024 ns
[    2.661391] NET: Registered protocol family 2
[    2.666089] TCP established hash table entries: 8192 (order: 4, 65536 bytes)
[    2.673385] TCP bind hash table ntries: 8192 (order: 5, 131072 bytes)
[    2.704897] TCP: Hash ables configured (established 8192 bind 8192)
[    2.736766] UDP hash table entries: 512 (order: 2, 16384 bytes)
[    2.743267] UDP-Lite hash table entries: 512 (order: 2, 16384 bytes)
[    2.750951] NET: Registered protocol family 1
[    2.755682] pci 0000:00:00.0: Liming dirct PCI/PCI transfers
[    2840781pci 0000:00:01.0: Activating ISA DMA hang workarounds
[    2.929251] Unpacking initramfs...

[    5.277397] Freeing initrd memory: 10904K
[    5.280016] RAPL PMU detected, API unit is 2^-32 Joules, 4 fixed counters 10737418240 ms ovfl timer
[    5.285977] hw unit of domain pp0-core 2^-0 Joules
[    5.288684] hw unit of domain package 2^-0 Joules
[    5.297268] hw unit of domain dram 2^-0 Joules
[    5.304003] hw unit of domain pp1-gpu 2^-0 Joules
[    5.306889] platform rtc_cmos: registered platform RTC device (no PNP device found)
[    5.314283] Scanning for low memory corruption every 60 seconds
[    5.321776] audit: initializing netlink subsys (disabled)
[    5.331175] audit: type=2000 audit(1531779240.879:1): initialized
[    5.341314] Initialise system trusted keyring
[    5.344589] HugeTLB registered 2 MB page size, pre-allocated 0 pages
[    5.353713] zbud: loaded
[    5.361460] VFS: Disk quotas dquot_6.6.0
[    5.369941] VFS: Dquot-cache hash table entries: 512 (order 0, 4096 bytes)
[    5.393610] squashfs: version 4.0 (2009/01/31) Phillip Lougher
[    5.409020] fuse init (API version 7.23)
[    5.423481] Key type big_key registered
[    5.433686] Allocating IMA MOK and lacklist keyrings.

[    5.478877] Key type asymmetric registered
[    5.481823] Asymmetric key parser 'x509' registered
[    5.494576] Block layer SCSI generic (bsg) driver version 0.4 loaded (major 249)
[    5.505616] io scheduler noop registered
[    5.512494] io scheduler deadline registered (default)
[    5.521835] io scheduler cfq registered
[    5.528724] pci_hotplug: PCI Hot Plug PCI Core version: 0.5
[    5.532611] pciehp: PCI Express Hot Plug Controller Driver version: 0.4
[    5.549702] ACPI: AC Adapter [AC] (off-line)
[    5.567285] input: Power Button as /devices/LNXSYSTM:00/LNXPWRBN:00/input/input0
[    5.584404] ACPI: Power Button [PWRF]
[    5.619289] input: Sleep Button as /devices/LNXSYSTM:00/LNXSLPBN:00/input/input1
[    5.683975] ACPI: Sleep Button [SLPF]
[    5.691650] GHES: HEST is not enabled!
[    5.693778] ACPI: Battery Slot [BAT0] (battery present)
[  5.707531] Serial: 8250/16550 driver, 32 ports, IRQ sharing enabled
[    5.789321] 00:02: tyS0 at I/O 0x3f8 (irq = 4, base_baud = 115200) is a 1655

[    5.875909] Linux agpgart interface v0.103
[    5.880717] loop: module loaded
[    5.883273] scsi host0: ata_piix
[    5.888514] scsi host1: ata_piix
[    5.890340] ata1: PATA max UDMA/33 cmd 0x1f0 ctl 0x3f6 bmdma 0xd000 irq 14
[    5.900133] ata2: PATA max UDMA/33 cmd 0x170 ctl 0x376 bmdma 0xd008 irq 15
[    5.903299] libphy: Fixed MDIO Bus: probed
[    5.905924] tun: Universal TUN/TAP device driver, 1.6
[    5.908205] tun: (C) 1999-2004 Max Krasnyansky <maxk@qualcomm.com>
[    5.910862] PPP generic driver version 2.4.2
[    5.912974] ehci_hcd: USB 2.0 'Enhanced' Host Controller (EHCI) Driver
[    5.916077] ehci-pci: EHCI PCI platform driver
[    5.918206] ehci-platform: EHCI generic platform driver
[    5.920544] ohci_hcd: USB 1.1 'Open' Host Controller (OHCI) Driver
[    5.932233] ohci-pci: OHCI PCI platform driver
[    5.934893] ohci-platform: OHCI generic platform driver
[    5.942386] uhci_hcd: USB Universal Host Controller Interface driver
[    5.946025] i8042: PNP: PS/2 Controller [PNP0303:PS2K,PNP0f03:PS2M] at 0x60,0x64 irq 1,12
[    5.954633] serio: i8042 KBD port at 0x60,0x64 irq 1
[    5.957602] serio: i8042 AUX port at 0x60,0x64 irq 12
[    5.960811] mousedev: PS/2 mouse device common for all mice
[    5.964627] rtc_cmos rtc_cmos: rtc core: registered rtc_cmos as rtc0
[    5.973083] rtc_cmos rtc_cmos: alarms up to one day, 114 bytes nvram
[    5.976763] i2c /dev entries driver
[    5.978942] input: AT Translated Set 2 keyboard as /devices/platform/i8042/serio0/input/input2
[    5.992505] device-mapper: uevent: version 1.0.3
[    5.995589] device-mapper: ioctl: 4.34.0-ioctl (2015-10-28) initialised: dm-devel@redhat.com
[    6.000990] ledtrig-cpu: registered to indicate activity on CPUs
[    6.005206] NET: Registered protocol family 10
[    6.011290] NET: Registered protocol family 17
[    6.015716] Key type dns_resolver registered
[    6.021793] registered taskstats version 1
[    6.026381] Loading compiled-in X.509 certificates
[    6.032817] Loaded X.509 cert 'Build time autogenerated kernel key: b3e0fe4bcd6378c38a2c0a4648abbc1fa5043a22'
[    6.044014] zswap: loaded using pool lzo/zbud
[    6.051688] Key type trusted registered
[    6.060523] Key type encrypted registered
[    6.064594] AppArmor: AppArmor sha1 policy hashing enabled
[    6.070251] ima: No TPM chip found, activating TPM-bypass!
[    6.076753] ima: Allocated hash algorithm: sha1
[    6.082493] evm: HMAC attrs: 0x1
[    6.087008]   Magic number: 10:710:249
[    6.091205] rtc_cmos rtc_cmos: setting system clock to 2018-07-16 22:13:57 UTC (1531779237)
[    6.101680] BIOS EDD facility v0.16 2004-Jun-25, 0 devices found
[    6.107519] EDD information not available.
[    6.113263] Freeing unused kernel memory: 1516K
[    6.149969] Write protecting the kernel read-only data: 14336k
[    6.159319] Freeing unused kernel memory: 1680K
[    6.165935] Freeing unused kernel memory: 96K
Loading, please wait...
starting version 229
[    6.192948] random: udevadm: uninitialized urandom read (16 bytes read, 5 bits of entropy available)
[    6.193646] random: systemd-udevd: uninitialized urandom read (16 bytes read, 5 bits of entropy available)
[    6.193733] random: systemd-udevd: uninitialized urandom read (16 bytes read, 5 bits of entropy available)
[    6.193746] random: systemd-udevd: uninitialized urandom read (16 bytes read, 5 bits of entropy available)
[    6.193760] random: systemd-udevd: uninitialized urandom read (16 bytes read, 5 bits of entropy available)
[    6.240180] random: udevadm: uninitialized urandom read (16 bytes read, 5 bits of entropy available)
[    6.260836] random: systemd-udevd: uninitialized urandom read (16 bytes read, 5 bits of entropy available)
[    6.265817] random: udevadm: uninitialized urandom read (16 bytes read, 5 bits of entropy available)
[    6.265888] random: udevadm: uninitialized urandom read (16 bytes read, 5 bits of entropy available)
[    6.266131] random: udevadm: uninitialized urandom read (16 bytes read, 5 bits of entropy available)
[    6.305755] tsc: Refined TSC clocksource calibration: 1599.906 MHz
[    6.312869] clocksource: tsc: mask: 0xffffffffffffffff max_cycles: 0x170fcc28fa3, max_idle_ns: 440795232762 ns
[    6.352620] e1000: Intel(R) PRO/1000 Network Driver - version 7.3.21-k8-NAPI
[    6.357709] e1000: Copyright (c) 1999-2006 Intel Corporation.
[    6.364697] Fusion MPT base driver 3.04.20
[    6.370118] Copyright (c) 1999-2008 LSI Corporation
[    6.410975] AVX2 version of gcm_enc/dec engaged.
[    6.416004] AES CTR mode by8 optimization enabled
[    6.425354] Fusion MPT SPI Host driver 3.04.20
[    6.622198] input: ImExPS/2 Generic Explorer Mouse as /devices/platform/i8042/serio1/input/input4
[    7.228537] e1000 0000:00:03.0 eth0: (PCI:33MHz:32-bit) 02:c5:fa:e6:4f:6d
[    7.333197] e1000 0000:00:03.0 eth0: Intel(R) PRO/1000 Network Connection
[    8.232397] e1000 0000:00:08.0 eth1: (PCI:33MHz:32-bit) 08:00:27:cb:9e:cb
[    8.318727] e1000 0000:00:08.0 eth1: Intel(R) PRO/1000 Network Connection
[    8.323867] mptbase: ioc0: Initiating bringup
[    8.324707] e1000 0000:00:08.0 enp0s8: renamed from eth1
[    8.342673] e1000 0000:00:03.0 enp0s3: renamed from eth0
[    8.410049] ioc0: LSI53C1030 A0: Capabilities={Initiator}
[    8.579154] scsi host2: ioc0: LSI53C1030 A0, FwRev=00000000h, Ports=1, MaxQ=256, IRQ=20
[    8.698775] scsi 2:0:0:0: Direct-Access     VBOX     HARDDISK         1.0  PQ: 0 ANSI: 5
[    8.839028] scsi target2:0:0: Beginning Domain Validation
[    9.206755] scsi target2:0:0: Domain Validation skipping write tests
[    9.210912] scsi target2:0:0: Ending Domain Validation
[    9.214035] scsi target2:0:0: asynchronous
[    9.218312] scsi 2:0:1:0: Direct-Access     VBOX     HARDDISK         1.0  PQ: 0 ANSI: 5
[    9.229764] scsi target2:0:1: Beginning Domain Validation
[    9.236215] scsi target2:0:1: Domain Validation skipping write tests
[    9.239833] scsi target2:0:1: Ending Domain Validation
[    9.242990] scsi target2:0:1: asynchronous
[    9.257141] sd 2:0:0:0: [sda] 20971520 512-byte logical blocks: (10.7 GB/10.0 GiB)
[    9.257368] sd 2:0:0:0: Attached scsi generic sg0 type 0
[    9.280896] sd 2:0:1:0: Attached scsi generic sg1 type 0
[    9.281861] sd 2:0:1:0: [sdb] 20480 512-byte logical blocks: (10.5 MB/10.0 MiB)
[    9.282462] sd 2:0:1:0: [sdb] Write Protect is off
[    9.282771] sd 2:0:1:0: [sdb] Incomplete mode parameter data
[    9.282773] sd 2:0:1:0: [sdb] Assuming drive cache: write through
[    9.287318] sd 2:0:1:0: [sdb] Attached SCSI disk
[    9.330047] sd 2:0:0:0: [sda] Write Protect is off
[    9.335660] sd 2:0:0:0: [sda] Incomplete mode parameter data
[    9.339213] sd 2:0:0:0: [sda] Assuming drive cache: write through
[    9.355600]  sda: sda1
[    9.360759] sd 2:0:0:0: [sda] Attached SCSI disk
Begin: Loading essential drivers ... [   10.796741] md: linear personality registered for level -1
[   10.803672] md: multipath personality registered for level -4
[   10.811265] md: raid0 personality registered for level 0
[   10.818807] md: raid1 personality registered for level 1
[   10.893711] raid6: sse2x1   gen()  8226 MB/s
[   10.969813] raid6: sse2x1   xor()  6202 MB/s
[   11.045701] raid6: sse2x2   gen() 10236 MB/s
[   11.113803] raid6: sse2x2   xor()  6774 MB/s
[   11.181854] raid6: sse2x4   gen() 11767 MB/s
[   11.253867] raid6: sse2x4   xor()  8250 MB/s
[   11.321929] raid6: avx2x1   gen() 15383 MB/s
[   11.397696] raid6: avx2x2   gen()  9528 MB/s
[   11.505693] raid6: avx2x4   gen() 20288 MB/s
[   11.508422] raid6: using algorithm avx2x4 gen() 20288 MB/s
[   11.512222] raid6: using avx2x2 recovery algorithm
[   11.516628] xor: automatically using best checksumming function:
[   11.557966]    avx       : 25255.000 MB/sec
[   11.581285] async_tx: api initialized (async)
[   11.593007] md: raid6 personality registered for level 6
[   11.598303] md: raid5 personality registered for level 5
[   11.601512] md: raid4 personality registered for level 4
[   11.611546] md: raid10 personality registered for level 10
done.
Begin: Running /scripts/init-premount ... done.
Begin: Mounting root file system ... Begin: Running /scripts/local-top ... done.
Begin: Running /scripts/local-premount ... [   11.656467] Btrfs loaded
Scanning for Btrfs filesystems
done.
Warning: fsck not present, so skipping root file system
[   11.766717] EXT4-fs (sda1): mounted filesystem with ordered data mode. Opts: (null)
done.
Begin: Running /scripts/local-bottom ... done.
Begin: Running /scripts/init-bottom ... done.
[   11.956219] systemd[1]: systemd 229 running in system mode. (+PAM +AUDIT +SELINUX +IMA +APPARMOR +SMACK +SYSVINIT +UTMP +LIBCRYPTSETUP +GCRYPT +GNUTLS +ACL +XZ -LZ4 +SECCOMP +BLKID +ELFUTILS +KMOD -IDN)
[   11.966853] systemd[1]: Detected virtualization oracle.
[   11.970331] systemd[1]: Detected architecture x86-64.

Welcome to [1mUbuntu 16.04.4 LTS[0m!

[   11.988002] systemd[1]: Set hostname to <ubuntu>.
[  11.999983] systemd[1]: Initializing machine ID from random generator.
[   12.028943] syemd[]: Inalled transient /etc/machine-id file.
[   12.53865] sstemd[1] Listening on Syslog Socket.
[[0;32m  OK  [0m] Listening on Syslog Socket.
[   12.832182] systemd[1]: Created slice User and Session Slice.
[[0;32m  OK  [0m] Created slice User and Session Slice.
[   13.211315] systemd[1]: Listening on Device-mapper event daemon FIFOs.
[[0;32m  OK  [0m] Listening on Device-mapper event daemon FIFOs.
[  13.230250] systemd[1]: Listening on udev Kernel Socket.
[[0;32m  OK  [0m] Listening on udev Kernel Socket.
[   13.316912] systemd[1]: Reached target User and Group Name Lookups.
[[0;32m  OK  [0m] Reached target User and Group Name Lookups.
[   13.332352] systemd[1]: Listening on LVM2 poll daemon socket.
[[0;32m  OK  [0m] Listening on LVM2 poll daemon socket.
[   13.345799] systemd[1]: Reached target Swap.
[[0;32m  OK  [0m] Reached target Swap.
[   13.353580] systemd[1]: Listening on Journal Socket (/dev/log).
[[0;32m  OK  [0m] Listening on Journal Socket (/dev/log).
[   13.361469] systemd[1]: Reached target System Time Synchronized.
[[0;32m  OK  [0m] Reached target System Time Synchronized.
[   13.370135] systemd[1]: Set up automount Arbitrary Executable File Formats File System Automount Point.
[[0;32m  OK  [0m] Set up automount Arbitrary Executab...ats File System Automount Point.
[   13.390945] ystemd[1]: Listening on LVM2 metadata daemon socket.
[[0;32m  OK  [0m] Listening on LVM2 metadata daemon socket.
[   13.435611] systemd[1]: Listening on Journal Socket.
[[0;32m  OK  [0m] Listening on Journal Socket.
[   13.828513] systemd[1]: Created slice System Slice.
[[0;32m  OK  [0m] Created slice System Slice.
[   13.854545] systemd[1]: Mounting POSIX Message Queue File System...
         Mounting POSIX Message Queue File System...
[   13.883042] systemd[1]: Created slice system-serial\x2dgetty.slice.
[[0;32m  OK  [0m] Created slice system-serial\x2dgetty.slice.
[   13.926320] systemd[1]: Starting Nameserver information manager...
         Starting Nameserver information manager...
[   13.948241] systemd[1]: Mounting Debug File System...
         Mounting Debug File System...
[   13.958990] systemd[1]: Starting Set console keymap...
         Starting Set console keymap...
[   13.968368] systemd[1]: Reached target Slices.
[[0;32m  OK  [0m] Reached target Slices.
[   14.034106] systemd[1]: Starting Create list of required static device nodes for the current kernel...
[   14.072938] random: nonblocking pool is initialized
         Starting Create list of required st... nodes for the current kernel...
[   14.154395] systemd[1]: Starting Monitoring of LVM2 mirrors, snapshots etc. using dmeventd or progress polling...
         Starting Monitoring of LVM2 mirrors... dmeventd or progress polling...
[   14.250439] systemd[1]: Starting Uncomplicated firewall...
         Starting Uncomplicated firewall...
[   14.266375] systemd[1]: Mounting Huge Pages File System...
         Mounting Huge Pages File System...
[   14.281361] systemd[1]: Starting Remount Root and Kernel File Systems...
         Starting Remount Root and Kernel File Systems...[   14.293743] EXT4-fs (sda1): re-mounted. Opts: (null)

[   14.303668] systemd[1]: Starting Load Kernel Modules...
         Starting Load Kernel Modules...
[   14.317903] systemd[1]: Started Trigger resolvconf update for networkd DNS.
[[0;32m  OK  [0m] Started Trigger resolvconf update for networkd DNS.
[   14.333434] Loading iSCSI transport class v2.0-870.
[   14.339394] systemd[1]: Reached target Encrypted Volumes.
[[0;32m  OK  [0m] Reached target Encrypted Volumes.
[   14.350483] systemd[1]: Listening on /dev/initctl Compatibility Named Pipe.
[[0;32m  OK  [0m] Listening on /dev/initctl Compatibility Named Pipe.[   14.402983] iscsi: registered transport (tcp)

[   14.405531] systemd[1]: Listening on Journal Audit Socket.
[[0;32m  OK  [0m] Listening on Journal Audit Socket.
[   14.429847] systemd[1]: Starting Journal Service...
         Starting Journal Service...
[   14.438046] systemd[1]: Listening on udev Control Socket.
[[0;32m  OK  [0m] Listening on udev Control Socket.
[   14.445931] systemd[1]: Started Forward Password Requests to Wall Directory Watch.
[   14.454569] iscsi: registered transport (iser)
[[0;32m  OK  [0m] Started Forward Password Requests to Wall Directory Watch.
[  14.4728] stemd[1]: Mountd POSIX Message Queue File System.

[[0;32m  OK  [0m] Mounted POSIX Message Queue File System.
[   14.643008] systemd[1]: Mounted Huge Pages File System.
[[0;32m  OK  [0m] Mounted Huge Pages File System.
[   14.655484] systemd[1]: Mounted Debug File System.
[[0;32m  OK  [0m] Mounted Debug File System.
[   14.663754] systemd[1]: Started Journal Service.
[[0;32m  OK  [0m] Started Journal Service.
[[0;32m  OK  [0m] Started Set console keymap.
[[0;32m  OK  [0m] Started Create list of required sta...ce nodes for the current kernel.
[[0;32m  OK  [0m] Started Uncomplicated firewall.
[[0;32m  OK  [0m] Started Remount Root and Kernel File Systems.
[[0;32m  OK  [0m] Started Load Kernel Modules.
[[0;32m  OK  [0m] Started Nameserver information manager.
[[0;32m  OK  [0m] Started LVM2 metadata daemon.
         Mounting FUSE Control File System...
         Starting Apply Kernel Variables...
         Starting udev Coldplug all Devices...
         Starting Load/Save Random Seed...
         Starting Create Static Device Nodes in /dev...
         Starting Flush Journal to Persistent Storage...
[[0;32m  OK  [0m] Mounted FUSE Control File System.
[[0;32m  OK  [0m] Started Apply Kernel Variables.
[[0;32m  OK  [0m] Started Load/Save Random Seed.
[[0;32m  OK  [0m] Started Create Static Device Nodes in /dev.
[[0;32m  OK  [0m] Started udev Coldplug all Devices.
[[0;32m  OK  [0m] Started Flush Journal to Persistent Storage.
         Starting udev Kernel Device Manager...
[[0;32m  OK  [0m] Started Monitoring of LVM2 mirrors,...ng dmeventd or progress polling.
[[0;32m  OK  [0m] Started udev Kernel Device Manager.
[[0;32m  OK  [0m] Reached target Local File Systems (Pre).
[[0;32m  OK  [0m] Reached target Local File Systems.
         Starting LSB: AppArmor initialization...
         Starting Initial cloud-init job (pre-networking)...
         Starting Commit a transient machine-id on disk...
         Starting Set console font and keymap...
         Starting Create Volatile Files and Directories...
         Starting Tell Plymouth To Write Out Runtime Data...
[[0;32m  OK  [0m] Started Dispatch Password Requests to Console Directory Watch.
[[0;32m  OK  [0m] Started Commit a transient machine-id on disk.
[[0;32m  OK  [0m] Started Create Volatile Files and Directories.
[[0;32m  OK  [0m] Started Tell Plymouth To Write Out Runtime Data.
[[0;32m  OK  [0m] Found device /dev/ttyS0.
         Starting Update UTMP about System Boot/Shutdown...
[[0;32m  OK  [0m] Started Update UTMP about System Boot/Shutdown.
[[0;32m  OK  [0m] Listening on Load/Save RF Kill Switch Status /dev/rfkill Watch.
[[0;32m  OK  [0m] Started Set console font and keymap.
[   15.015592] cloud-init[475]: Cloud-init v. 18.2 running 'init-local' at Mon, 16 Jul 2018 22:14:07 +0000. Up 14.52 seconds.
[[0;32m  OK  [0m] Started LSB: AppArmor initialization.
[[0;32m  OK  [0m] Started Initial cloud-init job (pre-networking).
[[0;32m  OK  [0m] Reached target Network (Pre).
         Starting Raise network interfaces...
[[0;32m  OK  [0m] Created slice system-getty.slice.
[[0;32m  OK  [0m] Started Raise network interfaces.
         Starting Initial cloud-init job (metadata service crawler)...
[[0;32m  OK  [0m] Reached target Network.
[   16.913900] cloud-init[969]: Cloud-init v. 18.2 running 'init' at Mon, 16 Jul 2018 22:14:09 +0000. Up 16.11 seconds.
[   16.965248] cloud-init[969]: ci-info: ++++++++++++++++++++++++++++++++++++++Net device info++++++++++++++++++++++++++++++++++++++
[   17.034111] cloud-init[969]: ci-info: +--------+-------+----------------------------+---------------+-------+-------------------+
[   17.065157] cloud-init[969]: ci-info: | Device |   Up  |          Address           |      Mask     | Scope |     Hw-Address    |
[[0;32m  OK  [0m] Started Initial cloud-init job (metadata service crawler).
[   17.066763] cloud-init[969]: ci-info: +--------+-------+----------------------------+---------------+-------+-------------------+
[   17.190907] cloud-init[969]: ci-info: | enp0s3 |  True |         10.0.2.15          | 255.255.255.0 |   .   | 02:c5:fa:e6:4f:6d |
[   17.191772] cloud-init[969]: ci-info: | enp0s3 |  True | fe80::c5:faff:fee6:4f6d/64 |       .       |  link | 02:c5:fa:e6:4f:6d |
[[0;32m  OK  [0m] Reached target Cloud-config availability.
[[0;32m  OK  [0m[   17.193594] cloud-init[969]: ci-info: | enp0s8 | False |             .              |       .       |   .   | 08:00:27:cb:9e:cb |
] Reached target Network is Online.
[   17.335529] cloud-init[969]: ci-info: |   lo   |  True |         127.0.0.1          |   255.0.0.0   |   .   |         .         |
         [   17.424681] Starting iSCSI initiator daemon (iscsid)...cloud-init
[969]: ci-info: |   lo   |  True |          ::1/128           |       .       |  host |         .         |
[   17.494736] cloud-init[969]: ci-info: +--------+-------+----------------------------+---------------+-------+-------------------+
[   17.495425] cloud-init[969]: ci-info: +++++++++++++++++++++++++++Route IPv4 info++++++++++++++++++++++++++++
[[0;32m  OK  [0m] Reached target System Initialization.
[   17.497462] cloud-init[969]: ci-info: +-------+-------------+----------+---------------+-----------+-------+
[   17.679263] cloud-init[969]: ci-info: | Route | Destination | Gateway  |    Genmask    | Interface | Flags |
[[0;32m  OK  [0m] Listening on ACPID Listen Socket.
         Starting LXD - unix socket.[   17.680420] 
cloud-init[969]: ci-info: +-------+-------------+----------+---------------+-----------+-------+
[   17.807041] cloud-init[969]: ci-info: |   0   |   0.0.0.0   | 10.0.2.2 |    0.0.0.0    |   enp0s3  |   UG  |
[   17.822722] cloud-init[969]: ci-info: |   1   |   10.0.2.0  | 0.0.0.0  | 255.255.255.0 |   enp0s3  |   U   |
[[0;32m  OK  [0m] Started Daily apt download activities.
[[   17.823324] cloud-init[969]: ci-info: +-------+-------------+----------+---------------+-----------+-------+
[   17.861317] cloud-init[969]: Generating public/private rsa key pair.
[   17.861410] cloud-init[969]: Your identification has been saved in /etc/ssh/ssh_host_rsa_key.
[0;32m  OK  [0m] Started Daily apt upgrade and clean activities.
[   17.862786] cloud-init[969]: Your public key has been saved in /etc/ssh/ssh_host_rsa_key.pub.
[   17.885441] [cloud-init[0;32m  OK  [0m[969]: ] The key fingerprint is:Started Daily Cleanup of Temporary Directories.

[   17.928223] cloud-init[969]: SHA256:Oa2dp+lUHcfJx2pfY00cT1DRN+ksfaVwg5aQ/R0UJE4 root@ubuntu-xenial
[   17.929049] cloud-init[969]: The key's randomart image is:
[[0;32m  OK  [0m] Listening on D-Bus System Message Bus Socket.
[   17.929870] cloud-init[969]: +---[RSA 2048]----+
[   17.962863] cloud-init[969]: |          .+ E+OB|
[[0;32m  OK  [0m] Reached target Timers.
[   17.963702] cloud-init[969]: |          . O =OB|
[   18.001662] cloud-init[969]: |           . ==*&|
[[0;32m  OK  [0m] Listening on UUID daemon activation socket.
[   18.004426] cloud-init[969]: |         o   ooO=|
[   18.056340] cloud-init[969]: |        S . . =o+|
         [   18.057131] Starting Socket activation for snappy daemon.cloud-init
[969]: |         + o ...o|
[   18.099372] cloud-init[969]: |        . + .   .|
[   18.100705] cloud-init[969]: |         . +     |
[[0;32m  OK  [0m] Started ACPI Events Check.
[[   18.101464] cloud-init[969]: |         .+      |
[0;32m  OK  [0m] Reached target Paths.
[   18.186174] cloud-init[969]: +----[SHA256]-----+
[   18.223615] cloud-init[969]: Generating public/private dsa key pair.
[[0;32m  OK  [0m] Listening on LXD - unix socket.
[[   18.225046] cloud-init[969]: Your identification has been saved in /etc/ssh/ssh_host_dsa_key.
[   18.246775] cloud-init[969]: Your public key has been saved in /etc/ssh/ssh_host_dsa_key.pub.
[0;32m  OK  [0m] Listening on Socket activation for snappy daemon.
[   18.247577] [cloud-init[0;32m  OK  [0m[969]: ] The key fingerprint is:Started iSCSI initiator daemon (iscsid).

[   18.306175] cloud-init[969]: SHA256:fmMY/0DLyd0oxIS8gPgmWTX/abVWcx5S1cX54T3ekIA root@ubuntu-xenial
[   18.329032] cloud-init[969]: The key's randomart image is:
[   18.333375] cloud-init[969]: +---[DSA 1024]----+
[   18.340464] cloud-init[969]: |      o    .   oB|
[   18.360917] cloud-init[969]: |   . o + .E . .oo|
[   18.361731] cloud-init[969]: |  . o . + . .o+o=|
[   18.365345] cloud-init[969]: |   +   . = o o+*+|
         Starting Login to default iSCSI targets...
[   18.368497] cloud-init[969]: |  o o   S B o ..+|
[   18.379648] cloud-init[969]: |   o   . X = o ..|
[   18.381291] cloud-init[969]: |        o % o .  |
[[0;32m  OK  [0m] Reached target Sockets.
[   18.384174] cloud-init[969]: |         o =     |
[   18.399268] cloud-init[969]: |            .    |
[   18.402295] cloud-init[969]: +----[SHA256]-----+
[[0;32m  OK  [0m] Reached target Basic System.
[   18.404980] cloud-init[969]: Generating public/private ecdsa key pair.
[   18.429632] cloud-init[969]: Your identification has been saved in /etc/ssh/ssh_host_ecdsa_key.
[   18.442965] cloud-init[969]: Your public key has been saved in /etc/ssh/ssh_host_ecdsa_key.pub.
[[0;32m  OK  [0m] Started FUSE filesystem for LXC.
[   18.458603] cloud-init[969]: The key fingerprint is:
[   18.492904] cloud-init[969]: SHA256:xB6kECibgkciux60JqZubrE60Kvy/oTyX1vYPEGisYw root@ubuntu-xenial
         Starting System Logging Service...
[   18.494102] cloud-init[969]: The key's randomart image is:
[   18.621510] cloud-init[969]: +---[ECDSA 256]---+
         Starting LSB: MD monitoring daemon...
[   18.622217] cloud-init[969]: |   .o.  .        |
[   18.668757] cloud-init[969]: |+ o  . +         |
[   18.669700] cloud-init[969]: |oB  . o =        |
[   18.670966] cloud-init[969]: |*..o + = .       |
         Starting Virtualbox guest utils...
[   18.671435] cloud-init[969]: |o+E +   S        |
[   18.738408] cloud-init[969]: |+*..   + .       |
[   18.747042] cloud-init[969]: |O =.. o =        |
         [   18.755651] cloud-init[969]: |+B.. . o .       |
[   18.758479] cloud-init[969]: |XB+oo .          |
[   18.761175] cloud-init[969]: +----[SHA256]-----+
[   18.762265] cloud-init[969]: Generating public/private ed25519 key pair.
[   18.763678] cloud-init[969]: Your identification has been saved in /etc/ssh/ssh_host_ed25519_key.
Starting Pollinate to seed the pseudo random number generator...
[   18.765210] cloud-init[969]: Your public key has been saved in /etc/ssh/ssh_host_ed25519_key.pub.
[   18.832047] cloud-init[969]: The key fingerprint is:
[   18.835738] cloud-init[969]: SHA256:7Re+v0Zidh6mqiJXnLgDqQb7GOx6y4PHq62zsmHldIQ root@ubuntu-xenial
[   18.842621] cloud-init[969]: The key's randomart image is:
[   18.842848] cloud-init[969]: +--[ED25519 256]--+
[   18.844688] cloud-init[969]: |                 |
[   18.845333] cloud-init[969]: |    .            |
[   18.845593] cloud-init[969]: |   E .           |
[   18.845788] cloud-init[969]: |    .    .       |
[   18.845955] cloud-init[969]: |   o o oS.. .    |
         Starting Accounts Service...
[   18.846122] cloud-init[969]: |o + + . +. .+.=  |
[   19.166687] cloud-init[[969]: [0;32m  OK  [0m|oB o . o  .ooB . |] 
Started Unattended Upgrades Shutdown.
[   19.189321] cloud-init[969]: |B*B . =    ...o  |
         Starting LSB: Record successful boot for GRUB...
[   19.192405] cloud-init[969]: |X%*+ o o.....oo. |
[   19.192527] cloud-init[969]: +----[SHA256]-----+
[[0;32m  OK  [0m] Started ACPI event daemon.
         Starting Apply the settings specified in cloud-config...
         Starting Login Service...
         Starting /etc/rc.local Compatibility...
[[0;32m  OK  [0m] Started Regular background program processing daemon.
[[0;32m  OK  [0m] Started D-Bus System Message Bus.
         Starting LXD - container startup/shutdown...
[[0;32m  OK  [0m] Started Deferred execution scheduler.
         Starting Snappy daemon...
[[0;32m  OK  [0m] Started System Logging Service.
[[0;32m  OK  [0m] Started Pollinate to seed the pseudo random number generator.
[[0;32m  OK  [0m] Started /etc/rc.local Compatibility.
[[0;32m  OK  [0m] Started LXD - container startup/shutdown.
[[0;32m  OK  [0m] Started Login to default iSCSI targets.
[[0;32m  OK  [0m] Started LSB: MD monitoring daemon.
[[0;32m  OK  [0m] Started LSB: Record successful boot for GRUB.
[[0;32m  OK  [0m] Started Login Service.
         Starting Authenticate and Authorize Users to Run Privileged Tasks...
[[0;32m  OK  [0m] Reached target Remote File Systems (Pre).
[[0;32m  OK  [0m] Reached target Remote File Systems.
         Starting LSB: daemon to balance interrupts for SMP systems...
         Starting LSB: Set the CPU Frequency Scaling governor to "ondemand"...
         Starting LSB: automatic crash report generation...
         Starting Permit User Sessions...
         Starting OpenBSD Secure Shell server...
[[0;32m  OK  [0m] Started Snappy daemon.
[[0;32m  OK  [0m] Started Virtualbox guest utils.
[[0;32m  OK  [0m] Started Permit User Sessions.
[[0;32m  OK  [0m] Started OpenBSD Secure Shell server.
[[0;32m  OK  [0m] Started Authenticate and Authorize Users to Run Privileged Tasks.
[[0;32m  OK  [0m] Started Accounts Service.
[[0;32m  OK  [0m] Started LSB: Set the CPU Frequency Scaling governor to "ondemand".
         Starting Terminate Plymouth Boot Screen...
         Starting Hold until boot process finishes up...
         Starting Wait until snapd is fully seeded...
[[0;32m  OK  [0m] Started LSB: daemon to balance interrupts for SMP systems.
[[0;32m  OK  [0m] Started LSB: automatic crash report generation.
[[0;32m  OK  [0m] Started Terminate Plymouth Boot Screen.
[[0;32m  OK  [0m] Started Hold until boot process finishes up.
[[0;32m  OK  [0m] Created slice User Slice of vagrant.
         Starting User Manager for UID 1000...
[[0;32m  OK  [0m] Started Serial Getty on ttyS0.
         Starting Set console scheme...
[[0;32m  OK  [0m] Started Getty on tty1.
[[0;32m  OK  [0m] Reached target Login Prompts.
[[0;32m  OK  [0m] Started Set console scheme.
[[0;32m  OK  [0m] Started User Manager for UID 1000.
[[0;32m  OK  [0m] Started Session 1 of user vagrant.
[   20.793661] cloud-init[1133]: Generating locales (this might take a while)...
[[0;32m  OK  [0m] Started Wait until snapd is fully seeded.
[[0;32m  OK  [0m] Reached target Multi-User System.
[[0;32m  OK  [0m] Reached target Graphical Interface.
         Starting Update UTMP about System Runlevel Changes...
[[0;32m  OK  [0m] Started Update UTMP about System Runlevel Changes.
[   22.473233] cloud-init[1133]:   en_US.UTF-8... done
[   22.479527] cloud-init[1133]: Generation complete.
[   23.199988] cloud-init[1133]: Cloud-init v. 18.2 running 'modules:config' at Mon, 16 Jul 2018 22:14:13 +0000. Up 20.35 seconds.
[[0;32m  OK  [0m] Started Apply the settings specified in cloud-config.
         Starting Execute cloud user/final scripts...
         Stopping User Manager for UID 1000...
[[0;32m  OK  [0m] Stopped User Manager for UID 1000.
[[0;32m  OK  [0m] Removed slice User Slice of vagrant.
[[0;32m  OK  [0m] Created slice User Slice of vagrant.
         Starting User Manager for UID 1000...
[[0;32m  OK  [0m] Started Session 2 of user vagrant.
[[0;32m  OK  [0m] Started User Manager for UID 1000.
ci-info: no authorized ssh keys fingerprints found for user ubuntu.
<14>Jul 16 22:14:17 ec2: 
<14>Jul 16 22:14:17 ec2: #############################################################
<14>Jul 16 22:14:17 ec2: -----BEGIN SSH HOST KEY FINGERPRINTS-----
<14>Jul 16 22:14:17 ec2: 1024 SHA256:fmMY/0DLyd0oxIS8gPgmWTX/abVWcx5S1cX54T3ekIA root@ubuntu-xenial (DSA)
<14>Jul 16 22:14:17 ec2: 256 SHA256:xB6kECibgkciux60JqZubrE60Kvy/oTyX1vYPEGisYw root@ubuntu-xenial (ECDSA)
<14>Jul 16 22:14:17 ec2: 256 SHA256:7Re+v0Zidh6mqiJXnLgDqQb7GOx6y4PHq62zsmHldIQ root@ubuntu-xenial (ED25519)
<14>Jul 16 22:14:17 ec2: 2048 SHA256:Oa2dp+lUHcfJx2pfY00cT1DRN+ksfaVwg5aQ/R0UJE4 root@ubuntu-xenial (RSA)
<14>Jul 16 22:14:17 ec2: -----END SSH HOST KEY FINGERPRINTS-----
<14>Jul 16 22:14:17 ec2: #############################################################
-----BEGIN SSH HOST KEY KEYS-----
ecdsa-sha2-nistp256 AAAAE2VjZHNhLXNoYTItbmlzdHAyNTYAAAAIbmlzdHAyNTYAAABBBPzEbWnKpj1L8K/rjM3QeDrQCRPHu00A8OQo083hy9gqtHx9oVx645mZV61Rm9/09AXAwfAHnmfayhNGM/Zl4bs= root@ubuntu-xenial
ssh-ed25519 AAAAC3NzaC1lZDI1NTE5AAAAICq7AmA5WBGAnDq3IR82T8ic+V1jILAjFLV85bTABbhU root@ubuntu-xenial
ssh-rsa AAAAB3NzaC1yc2EAAAADAQABAAABAQD0WkfF3D8SE1EtXH9NACetybnzTCOKcdwnTFTiqLavS6JPtTDnyP3AcT24V0drSmi88/9pJDRo1F2XO6qjJ/RFtG3ZKu8tLVwq1TLCvl2NEUjM1A8zvtSBS/HFXLN78beV1n4R9RNKk1y8sHpwwqBWPUbAZ370TKP94KwVFhUcSlZ2klPFrMX3gslDFs12E6l8TT0nFnV6TjD8OI67HSFzcu2htAuSt1XBHDvk9Qx6A6bQiZ77uz+nV5B4MaoEsHccjJrc2TF4VxsSoHeD3ukwG8bIWyTfLXgyBx6qzL0s70JJUQZZ63ET06JR3OiwhSgUMZy99KVAlX5pjl5BzKlz root@ubuntu-xenial
-----END SSH HOST KEY KEYS-----
[   24.671511] cloud-init[1512]: Cloud-init v. 18.2 running 'modules:final' at Mon, 16 Jul 2018 22:14:17 +0000. Up 24.10 seconds.
[   24.702894] cloud-init[1512]: ci-info: no authorized ssh keys fingerprints found for user ubuntu.
[   24.718939] cloud-init[1512]: Cloud-init v. 18.2 finished at Mon, 16 Jul 2018 22:14:18 +0000. Datasource DataSourceNoCloud [seed=/dev/sdb][dsmode=net].  Up 24.65 seconds
[[0;32m  OK  [0m] Started Execute cloud user/final scripts.
[[0;32m  OK  [0m] Reached target Cloud-init target.

Ubuntu 16.04.4 LTS ubuntu-xenial ttyS0

ubuntu-xenial login: 